-2015-12-12 21:51:46.754  INFO 50992 [main] --- [com.baidu.oped.sia.boot.Application     ] : [][][][][][]: Starting Application on Masons-MacBook-Pro.local with PID 50992 (/Users/mason/Workspaces/work/sia/boot/custom-boot-examples/custom-boot-starter-iplist-example/target/classes started by mason in /Users/mason/Workspaces/work/sia/boot/custom-boot-examples/custom-boot-starter-iplist-example)
-2015-12-12 21:51:46.758  INFO 50992 [main] --- [com.baidu.oped.sia.boot.Application     ] : [][][][][][]: No profiles are active
-2015-12-12 21:51:46.804  INFO 50992 [main] --- [ationConfigEmbeddedWebApplicationContext] : [][][][][][]: Refreshing org.springframework.boot.context.embedded.AnnotationConfigEmbeddedWebApplicationContext@fe2105b: startup date [Sat Dec 12 21:51:46 CST 2015]; root of context hierarchy
-2015-12-12 21:51:47.654  INFO 50992 [main] --- [o.s.b.f.s.DefaultListableBeanFactory    ] : [][][][][][]: Overriding bean definition for bean 'beanNameViewResolver' with a different definition: replacing [Root bean: class [null]; scope=; abstract=false; lazyInit=false; autowireMode=3; dependencyCheck=0; autowireCandidate=true; primary=false; factoryBeanName=org.springframework.boot.autoconfigure.web.ErrorMvcAutoConfiguration$WhitelabelErrorViewConfiguration; factoryMethodName=beanNameViewResolver; initMethodName=null; destroyMethodName=(inferred); defined in class path resource [org/springframework/boot/autoconfigure/web/ErrorMvcAutoConfiguration$WhitelabelErrorViewConfiguration.class]] with [Root bean: class [null]; scope=; abstract=false; lazyInit=false; autowireMode=3; dependencyCheck=0; autowireCandidate=true; primary=false; factoryBeanName=org.springframework.boot.autoconfigure.web.WebMvcAutoConfiguration$WebMvcAutoConfigurationAdapter; factoryMethodName=beanNameViewResolver; initMethodName=null; destroyMethodName=(inferred); defined in class path resource [org/springframework/boot/autoconfigure/web/WebMvcAutoConfiguration$WebMvcAutoConfigurationAdapter.class]]
-2015-12-12 21:51:48.167  INFO 50992 [main] --- [c.b.o.s.b.a.AccessLogAutoConfiguration  ] : [][][][][][]: enable access log.
-2015-12-12 21:51:48.420  INFO 50992 [main] --- [e.j.JettyEmbeddedServletContainerFactory] : [][][][][][]: Server initialized with port: 28888
-2015-12-12 21:51:48.434  INFO 50992 [main] --- [org.eclipse.jetty.server.Server         ] : [][][][][][]: jetty-9.2.14.v20151106
-2015-12-12 21:51:49.032  INFO 50992 [main] --- [application                             ] : [][][][][][]: Initializing Spring embedded WebApplicationContext
-2015-12-12 21:51:49.032  INFO 50992 [main] --- [o.s.web.context.ContextLoader           ] : [][][][][][]: Root WebApplicationContext: initialization completed in 2228 ms
-2015-12-12 21:51:49.097  INFO 50992 [main] --- [c.b.o.s.b.i.IpListAutoConfiguration     ] : [][][][][][]: register ipList filter.
-2015-12-12 21:51:49.115  INFO 50992 [main] --- [c.b.oped.sia.boot.common.FileWatcher    ] : [][][][][][]: reload properties finished.
-2015-12-12 21:51:49.583  INFO 50992 [main] --- [o.s.b.c.embedded.FilterRegistrationBean ] : [][][][][][]: Mapping filter: 'characterEncodingFilter' to: [/*]
-2015-12-12 21:51:49.583  INFO 50992 [main] --- [o.s.b.c.embedded.FilterRegistrationBean ] : [][][][][][]: Mapping filter: 'hiddenHttpMethodFilter' to: [/*]
-2015-12-12 21:51:49.583  INFO 50992 [main] --- [o.s.b.c.embedded.FilterRegistrationBean ] : [][][][][][]: Mapping filter: 'httpPutFormContentFilter' to: [/*]
-2015-12-12 21:51:49.584  INFO 50992 [main] --- [o.s.b.c.embedded.FilterRegistrationBean ] : [][][][][][]: Mapping filter: 'requestContextFilter' to: [/*]
-2015-12-12 21:51:49.584  INFO 50992 [main] --- [o.s.b.c.embedded.FilterRegistrationBean ] : [][][][][][]: Mapping filter: 'ipFilter' to: [/*]
-2015-12-12 21:51:49.584  INFO 50992 [main] --- [o.s.b.c.embedded.FilterRegistrationBean ] : [][][][][][]: Mapping filter: 'teeFilter' to: [/*]
-2015-12-12 21:51:49.585  INFO 50992 [main] --- [o.s.b.c.e.ServletRegistrationBean       ] : [][][][][][]: Mapping servlet: 'dispatcherServlet' to [/]
-2015-12-12 21:51:49.804  INFO 50992 [main] --- [o.e.jetty.server.handler.ContextHandler ] : [][][][][][]: Started o.s.b.c.e.j.JettyEmbeddedWebAppContext@7d92ef38{/,file:/private/var/folders/gn/sbjbnlr13wnf2f297lsyybyr0000gr/T/jetty-docbase.1973456278353283838.28888/,AVAILABLE}
-2015-12-12 21:51:49.805  INFO 50992 [main] --- [org.eclipse.jetty.server.Server         ] : [][][][][][]: Started @8563ms
-2015-12-12 21:51:50.155  INFO 50992 [main] --- [s.w.s.m.m.a.RequestMappingHandlerAdapter] : [][][][][][]: Looking for @ControllerAdvice: org.springframework.boot.context.embedded.AnnotationConfigEmbeddedWebApplicationContext@fe2105b: startup date [Sat Dec 12 21:51:46 CST 2015]; root of context hierarchy
-2015-12-12 21:51:50.201  INFO 50992 [main] --- [c.b.o.s.b.trace.TraceAutoConfiguration  ] : [][][][][][]: add trace interceptor
-2015-12-12 21:51:50.244  INFO 50992 [main] --- [s.w.s.m.m.a.RequestMappingHandlerMapping] : [][][][][][]: Mapped "{[/test]}" onto public java.lang.String com.baidu.oped.sia.boot.controller.TestController.test()
-2015-12-12 21:51:50.245  INFO 50992 [main] --- [s.w.s.m.m.a.RequestMappingHandlerMapping] : [][][][][][]: Mapped "{[/exception]}" onto public java.lang.String com.baidu.oped.sia.boot.controller.TestController.exception()
-2015-12-12 21:51:50.249  INFO 50992 [main] --- [s.w.s.m.m.a.RequestMappingHandlerMapping] : [][][][][][]: Mapped "{[/error]}" onto public org.springframework.http.ResponseEntity<java.util.Map<java.lang.String, java.lang.Object>> org.springframework.boot.autoconfigure.web.BasicErrorController.error(javax.servlet.http.HttpServletRequest)
-2015-12-12 21:51:50.250  INFO 50992 [main] --- [s.w.s.m.m.a.RequestMappingHandlerMapping] : [][][][][][]: Mapped "{[/error],produces=[text/html]}" onto public org.springframework.web.servlet.ModelAndView org.springframework.boot.autoconfigure.web.BasicErrorController.errorHtml(javax.servlet.http.HttpServletRequest)
-2015-12-12 21:51:50.278  INFO 50992 [main] --- [o.s.w.s.handler.SimpleUrlHandlerMapping ] : [][][][][][]: Mapped URL path [/webjars/**] onto handler of type [class org.springframework.web.servlet.resource.ResourceHttpRequestHandler]
-2015-12-12 21:51:50.278  INFO 50992 [main] --- [o.s.w.s.handler.SimpleUrlHandlerMapping ] : [][][][][][]: Mapped URL path [/**] onto handler of type [class org.springframework.web.servlet.resource.ResourceHttpRequestHandler]
-2015-12-12 21:51:50.297  INFO 50992 [main] --- [.m.m.a.ExceptionHandlerExceptionResolver] : [][][][][][]: Detected @ExceptionHandler methods in systemExceptionHandler
-2015-12-12 21:51:50.316  INFO 50992 [main] --- [o.s.w.s.handler.SimpleUrlHandlerMapping ] : [][][][][][]: Mapped URL path [/**/favicon.ico] onto handler of type [class org.springframework.web.servlet.resource.ResourceHttpRequestHandler]
-2015-12-12 21:51:50.516  INFO 50992 [main] --- [o.s.j.e.a.AnnotationMBeanExporter       ] : [][][][][][]: Registering beans for JMX exposure on startup
-2015-12-12 21:51:50.533  INFO 50992 [main] --- [application                             ] : [][][][][][]: Initializing Spring FrameworkServlet 'dispatcherServlet'
-2015-12-12 21:51:50.533  INFO 50992 [main] --- [o.s.web.servlet.DispatcherServlet       ] : [][][][][][]: FrameworkServlet 'dispatcherServlet': initialization started
-2015-12-12 21:51:50.544  INFO 50992 [main] --- [o.s.web.servlet.DispatcherServlet       ] : [][][][][][]: FrameworkServlet 'dispatcherServlet': initialization completed in 11 ms
-2015-12-12 21:51:50.570  INFO 50992 [main] --- [o.eclipse.jetty.server.ServerConnector  ] : [][][][][][]: Started ServerConnector@226edff5{HTTP/1.1}{0.0.0.0:28888}
-2015-12-12 21:51:50.576  INFO 50992 [main] --- [.s.b.c.e.j.JettyEmbeddedServletContainer] : [][][][][][]: Jetty started on port(s) 28888 (http/1.1)
-2015-12-12 21:51:50.581  INFO 50992 [main] --- [com.baidu.oped.sia.boot.Application     ] : [][][][][][]: Started Application in 4.899 seconds (JVM running for 9.339)
-2015-12-12 21:59:18.051  INFO 52405 [main] --- [com.baidu.oped.sia.boot.Application     ] : [][][][][][]: Starting Application on Masons-MacBook-Pro.local with PID 52405 (/Users/mason/Workspaces/work/sia/boot/custom-boot-examples/custom-boot-starter-iplist-example/target/classes started by mason in /Users/mason/Workspaces/work/sia/boot/custom-boot-examples/custom-boot-starter-iplist-example)
-2015-12-12 21:59:18.064  INFO 52405 [main] --- [com.baidu.oped.sia.boot.Application     ] : [][][][][][]: No profiles are active
-2015-12-12 21:59:18.193  INFO 52405 [main] --- [ationConfigEmbeddedWebApplicationContext] : [][][][][][]: Refreshing org.springframework.boot.context.embedded.AnnotationConfigEmbeddedWebApplicationContext@36a7ebab: startup date [Sat Dec 12 21:59:18 CST 2015]; root of context hierarchy
-2015-12-12 21:59:19.646  INFO 52405 [main] --- [o.s.b.f.s.DefaultListableBeanFactory    ] : [][][][][][]: Overriding bean definition for bean 'beanNameViewResolver' with a different definition: replacing [Root bean: class [null]; scope=; abstract=false; lazyInit=false; autowireMode=3; dependencyCheck=0; autowireCandidate=true; primary=false; factoryBeanName=org.springframework.boot.autoconfigure.web.ErrorMvcAutoConfiguration$WhitelabelErrorViewConfiguration; factoryMethodName=beanNameViewResolver; initMethodName=null; destroyMethodName=(inferred); defined in class path resource [org/springframework/boot/autoconfigure/web/ErrorMvcAutoConfiguration$WhitelabelErrorViewConfiguration.class]] with [Root bean: class [null]; scope=; abstract=false; lazyInit=false; autowireMode=3; dependencyCheck=0; autowireCandidate=true; primary=false; factoryBeanName=org.springframework.boot.autoconfigure.web.WebMvcAutoConfiguration$WebMvcAutoConfigurationAdapter; factoryMethodName=beanNameViewResolver; initMethodName=null; destroyMethodName=(inferred); defined in class path resource [org/springframework/boot/autoconfigure/web/WebMvcAutoConfiguration$WebMvcAutoConfigurationAdapter.class]]
-2015-12-12 21:59:20.327  INFO 52405 [main] --- [c.b.o.s.b.a.AccessLogAutoConfiguration  ] : [][][][][][]: enable access log.
-2015-12-12 21:59:20.551  INFO 52405 [main] --- [org.xnio                                ] : [][][][][][]: XNIO version 3.3.2.Final
-2015-12-12 21:59:20.787  INFO 52405 [main] --- [org.xnio.nio                            ] : [][][][][][]: XNIO NIO Implementation Version 3.3.2.Final
-2015-12-12 21:59:20.923  INFO 52405 [main] --- [io.undertow.servlet                     ] : [][][][][][]: Initializing Spring embedded WebApplicationContext
-2015-12-12 21:59:20.923  INFO 52405 [main] --- [o.s.web.context.ContextLoader           ] : [][][][][][]: Root WebApplicationContext: initialization completed in 2730 ms
-2015-12-12 21:59:21.032  INFO 52405 [main] --- [c.b.o.s.b.i.IpListAutoConfiguration     ] : [][][][][][]: register ipList filter.
-2015-12-12 21:59:21.055  INFO 52405 [main] --- [c.b.oped.sia.boot.common.FileWatcher    ] : [][][][][][]: reload properties finished.
-2015-12-12 21:59:21.411  INFO 52405 [main] --- [o.s.b.c.embedded.FilterRegistrationBean ] : [][][][][][]: Mapping filter: 'characterEncodingFilter' to: [/*]
-2015-12-12 21:59:21.413  INFO 52405 [main] --- [o.s.b.c.embedded.FilterRegistrationBean ] : [][][][][][]: Mapping filter: 'hiddenHttpMethodFilter' to: [/*]
-2015-12-12 21:59:21.413  INFO 52405 [main] --- [o.s.b.c.embedded.FilterRegistrationBean ] : [][][][][][]: Mapping filter: 'httpPutFormContentFilter' to: [/*]
-2015-12-12 21:59:21.413  INFO 52405 [main] --- [o.s.b.c.embedded.FilterRegistrationBean ] : [][][][][][]: Mapping filter: 'requestContextFilter' to: [/*]
-2015-12-12 21:59:21.414  INFO 52405 [main] --- [o.s.b.c.embedded.FilterRegistrationBean ] : [][][][][][]: Mapping filter: 'ipFilter' to: [/*]
-2015-12-12 21:59:21.414  INFO 52405 [main] --- [o.s.b.c.embedded.FilterRegistrationBean ] : [][][][][][]: Mapping filter: 'teeFilter' to: [/*]
-2015-12-12 21:59:21.414  INFO 52405 [main] --- [o.s.b.c.e.ServletRegistrationBean       ] : [][][][][][]: Mapping servlet: 'dispatcherServlet' to [/]
-2015-12-12 21:59:22.052  INFO 52405 [main] --- [s.w.s.m.m.a.RequestMappingHandlerAdapter] : [][][][][][]: Looking for @ControllerAdvice: org.springframework.boot.context.embedded.AnnotationConfigEmbeddedWebApplicationContext@36a7ebab: startup date [Sat Dec 12 21:59:18 CST 2015]; root of context hierarchy
-2015-12-12 21:59:22.130  INFO 52405 [main] --- [c.b.o.s.b.trace.TraceAutoConfiguration  ] : [][][][][][]: add trace interceptor
-2015-12-12 21:59:22.171  INFO 52405 [main] --- [s.w.s.m.m.a.RequestMappingHandlerMapping] : [][][][][][]: Mapped "{[/test]}" onto public java.lang.String com.baidu.oped.sia.boot.controller.TestController.test()
-2015-12-12 21:59:22.172  INFO 52405 [main] --- [s.w.s.m.m.a.RequestMappingHandlerMapping] : [][][][][][]: Mapped "{[/exception]}" onto public java.lang.String com.baidu.oped.sia.boot.controller.TestController.exception()
-2015-12-12 21:59:22.174  INFO 52405 [main] --- [s.w.s.m.m.a.RequestMappingHandlerMapping] : [][][][][][]: Mapped "{[/error]}" onto public org.springframework.http.ResponseEntity<java.util.Map<java.lang.String, java.lang.Object>> org.springframework.boot.autoconfigure.web.BasicErrorController.error(javax.servlet.http.HttpServletRequest)
-2015-12-12 21:59:22.174  INFO 52405 [main] --- [s.w.s.m.m.a.RequestMappingHandlerMapping] : [][][][][][]: Mapped "{[/error],produces=[text/html]}" onto public org.springframework.web.servlet.ModelAndView org.springframework.boot.autoconfigure.web.BasicErrorController.errorHtml(javax.servlet.http.HttpServletRequest)
-2015-12-12 21:59:22.210  INFO 52405 [main] --- [o.s.w.s.handler.SimpleUrlHandlerMapping ] : [][][][][][]: Mapped URL path [/webjars/**] onto handler of type [class org.springframework.web.servlet.resource.ResourceHttpRequestHandler]
-2015-12-12 21:59:22.210  INFO 52405 [main] --- [o.s.w.s.handler.SimpleUrlHandlerMapping ] : [][][][][][]: Mapped URL path [/**] onto handler of type [class org.springframework.web.servlet.resource.ResourceHttpRequestHandler]
-2015-12-12 21:59:22.230  INFO 52405 [main] --- [.m.m.a.ExceptionHandlerExceptionResolver] : [][][][][][]: Detected @ExceptionHandler methods in systemExceptionHandler
-2015-12-12 21:59:22.252  INFO 52405 [main] --- [o.s.w.s.handler.SimpleUrlHandlerMapping ] : [][][][][][]: Mapped URL path [/**/favicon.ico] onto handler of type [class org.springframework.web.servlet.resource.ResourceHttpRequestHandler]
-2015-12-12 21:59:22.436  INFO 52405 [main] --- [o.s.j.e.a.AnnotationMBeanExporter       ] : [][][][][][]: Registering beans for JMX exposure on startup
-2015-12-12 21:59:22.522  INFO 52405 [main] --- [b.c.e.u.UndertowEmbeddedServletContainer] : [][][][][][]: Undertow started on port(s) 28888 (http)
-2015-12-12 21:59:22.530  INFO 52405 [main] --- [com.baidu.oped.sia.boot.Application     ] : [][][][][][]: Started Application in 6.289 seconds (JVM running for 12.639)
